[18:54:56] [Server thread/INFO]: Starting minecraft server version 1.8.8
[18:54:56] [Server thread/INFO]: Loading properties
[18:54:56] [Server thread/INFO]: Default game type: SURVIVAL
[18:54:56] [Server thread/INFO]: This server is running PandaSpigot version git-PandaSpigot-"c105f01" (MC: 1.8.8) (Implementing API version 1.8.8-R0.1-SNAPSHOT) (Git: c105f01)
[18:54:56] [Server thread/INFO]: Spigot Timings: true - Verbose: true - Interval: 5m - Length: 60m
[18:54:56] [Server thread/INFO]: Using 4 threads for Netty based IO
[18:54:56] [Server thread/INFO]: Server Ping Player Sample Count: 12
[18:54:56] [Server thread/INFO]: Debug logging is disabled
[18:54:56] [Server thread/INFO]: Data value allowed items: 
[18:54:56] [Server thread/INFO]: Generating keypair
[18:54:57] [Server thread/INFO]: Starting Minecraft server on *:25565
[18:54:57] [Server thread/INFO]: Using default channel type
[18:54:57] [Server thread/INFO]: Set PluginClassLoader as parallel capable
[18:54:57] [Server thread/INFO]: [Evento] Loading Evento v1.0.0
[18:54:57] [Server thread/WARN]: **** SERVER IS RUNNING IN OFFLINE/INSECURE MODE!
[18:54:57] [Server thread/WARN]: The server will make no attempt to authenticate usernames. Beware.
[18:54:57] [Server thread/WARN]: While this makes the game possible to play without internet access, it also opens up the ability for hackers to connect with any username they choose.
[18:54:57] [Server thread/WARN]: To change this, set "online-mode" to "true" in the server.properties file.
[18:54:57] [Server thread/INFO]: **** Beginning UUID conversion, this may take A LONG time ****
[18:54:57] [Server thread/INFO]: Preparing level "world"
[18:54:57] [Server thread/INFO]: -------- World Settings For [world] --------
[18:54:57] [Server thread/INFO]: Allow Zombie Pigmen to spawn from portal blocks: true
[18:54:57] [Server thread/INFO]: Item Merge Radius: 2.5
[18:54:57] [Server thread/INFO]: Item Despawn Rate: 6000
[18:54:57] [Server thread/INFO]: Arrow Despawn Rate: 1200
[18:54:57] [Server thread/INFO]: Zombie Aggressive Towards Villager: true
[18:54:57] [Server thread/INFO]: View Distance: 10
[18:54:57] [Server thread/INFO]: Anti X-Ray: true
[18:54:57] [Server thread/INFO]: 	Engine Mode: 1
[18:54:57] [Server thread/INFO]: 	Hidden Blocks: [14, 15, 16, 21, 48, 49, 54, 56, 73, 74, 82, 129, 130]
[18:54:57] [Server thread/INFO]: 	Replace Blocks: [1, 5]
[18:54:57] [Server thread/INFO]: Nerfing mobs spawned from spawners: false
[18:54:57] [Server thread/INFO]: Cactus Growth Modifier: 100%
[18:54:57] [Server thread/INFO]: Cane Growth Modifier: 100%
[18:54:57] [Server thread/INFO]: Melon Growth Modifier: 100%
[18:54:57] [Server thread/INFO]: Mushroom Growth Modifier: 100%
[18:54:57] [Server thread/INFO]: Pumpkin Growth Modifier: 100%
[18:54:57] [Server thread/INFO]: Sapling Growth Modifier: 100%
[18:54:57] [Server thread/INFO]: Wheat Growth Modifier: 100%
[18:54:57] [Server thread/INFO]: NetherWart Growth Modifier: 100%
[18:54:57] [Server thread/INFO]: Random Lighting Updates: false
[18:54:57] [Server thread/INFO]: Max TNT Explosions: 100
[18:54:57] [Server thread/INFO]: Entity Activation Range: An 32 / Mo 32 / Mi 16
[18:54:57] [Server thread/INFO]: Sending up to 10 chunks per packet
[18:54:57] [Server thread/INFO]: Structure Info Saving: true
[18:54:57] [Server thread/INFO]: Mob Spawn Range: 4
[18:54:57] [Server thread/INFO]: Entity Tracking Range: Pl 48 / An 48 / Mo 48 / Mi 32 / Other 64
[18:54:57] [Server thread/INFO]: Tile Max Tick Time: 50ms Entity max Tick Time: 50ms
[18:54:57] [Server thread/INFO]: Hopper Transfer: 8 Hopper Check: 8 Hopper Amount: 1
[18:54:57] [Server thread/INFO]: Experience Merge Radius: 3.0
[18:54:57] [Server thread/INFO]: Chunks to Grow per Tick: 650
[18:54:57] [Server thread/INFO]: Clear tick list: false
[18:54:57] [Server thread/INFO]: Max Entity Collisions: 8
[18:54:57] [Server thread/INFO]: Custom Map Seeds:  Village: 10387312 Feature: 14357617
[18:54:57] [Server thread/INFO]: -------- World Settings For [world] --------
[18:54:57] [Server thread/INFO]: Water over lava flow speed: 5
[18:54:57] [Server thread/INFO]: Fix TNT cannons: false
[18:54:57] [Server thread/INFO]: Allow undead horse types to be leashed: false
[18:54:57] [Server thread/INFO]: Keep spawn chunk loaded: true
[18:54:57] [Server thread/INFO]: Squids will spawn between Y: 45.0 and Y: 63.0
[18:54:57] [Server thread/INFO]: Living Entity Despawn Ranges:  Soft: 32 Hard: 128
[18:54:57] [Server thread/INFO]: World async lighting: false
[18:54:57] [Server thread/INFO]: WorldServer TickNextTick cap set at 10000
[18:54:57] [Server thread/INFO]: WorldServer TickNextTickList cap always processes redstone: false
[18:54:57] [Server thread/INFO]: Max height for cactus growth 3. Max height for reed growth 3
[18:54:57] [Server thread/INFO]: Player blocking damage multiplier set to 0.5
[18:54:57] [Server thread/INFO]: Remove invalid mob spawner tile entities: true
[18:54:57] [Server thread/INFO]: Preparing start region for level 0 (Seed: -3563801418783294441)
[18:54:58] [Server thread/INFO]: [Evento] Enabling Evento v1.0.0
[18:54:58] [Server thread/INFO]: Server permissions file permissions.yml is empty, ignoring it
[18:54:58] [Server thread/INFO]: Done (1,141s)! For help, type "help" or "?"
[18:54:58] [Server thread/INFO]: Timings Reset
[18:55:04] [User Authenticator #1/INFO]: UUID of player CassioMartim is 6ff6189f-de1a-3c19-a40e-20fd0fddc9b3
[18:55:05] [Server thread/INFO]: CassioMartim[/127.0.0.1:54294] logged in with entity id 5 at ([world]-894.0692169606262, 4.0, -1050.6581224320612)
[18:55:08] [Server thread/INFO]: CassioMartim issued server command: /toggledownfall
[18:55:08] [Server thread/INFO]: [CassioMartim: Toggled downfall]
[18:55:11] [Server thread/INFO]: CassioMartim issued server command: /evento abrir
[18:55:12] [Server thread/INFO]: CassioMartim issued server command: /evento entrar
[18:55:56] [Server thread/INFO]: CassioMartim issued server command: /gamemode 1
[18:55:56] [Server thread/INFO]: [CassioMartim: Set own game mode to Creative Mode]
[18:56:04] [Server thread/INFO]: CassioMartim issued server command: /gamemode 0
[18:56:04] [Server thread/INFO]: [CassioMartim: Set own game mode to Survival Mode]
[18:56:10] [Server thread/INFO]: CassioMartim issued server command: /gamemode 1
[18:56:10] [Server thread/INFO]: [CassioMartim: Set own game mode to Creative Mode]
[18:56:14] [Server thread/INFO]: CassioMartim issued server command: /gamemode 0
[18:56:14] [Server thread/INFO]: [CassioMartim: Set own game mode to Survival Mode]
[18:56:36] [Thread-2/INFO]: Stopping server
